{
  "Cucumber Features": {
    "coverage": {
      "/home/jhosoume/projects/PleaseDontDie/app/models/user.rb": [
        1,
        null,
        null,
        1,
        null,
        null,
        1,
        1,
        null,
        1,
        null,
        null,
        null,
        1,
        1,
        0,
        null,
        null,
        null,
        1,
        1,
        null,
        null,
        null
      ],
      "/home/jhosoume/projects/PleaseDontDie/app/models/application_record.rb": [
        1,
        1,
        null
      ],
      "/home/jhosoume/projects/PleaseDontDie/app/controllers/home_controller.rb": [
        1,
        1,
        null,
        null
      ],
      "/home/jhosoume/projects/PleaseDontDie/app/controllers/application_controller.rb": [
        1,
        1,
        null,
        1,
        null,
        1,
        24,
        8,
        null,
        16,
        null,
        null,
        null
      ],
      "/home/jhosoume/projects/PleaseDontDie/app/helpers/application_helper.rb": [
        1,
        null
      ],
      "/home/jhosoume/projects/PleaseDontDie/app/helpers/duties_helper.rb": [
        1,
        null
      ],
      "/home/jhosoume/projects/PleaseDontDie/app/helpers/groups_helper.rb": [
        1,
        null
      ],
      "/home/jhosoume/projects/PleaseDontDie/app/helpers/home_helper.rb": [
        1,
        null
      ],
      "/home/jhosoume/projects/PleaseDontDie/app/helpers/needs_helper.rb": [
        1,
        null
      ],
      "/home/jhosoume/projects/PleaseDontDie/app/helpers/pets_helper.rb": [
        1,
        null
      ],
      "/home/jhosoume/projects/PleaseDontDie/app/helpers/profile_user_helper.rb": [
        1,
        null
      ],
      "/home/jhosoume/projects/PleaseDontDie/app/helpers/species_helper.rb": [
        1,
        null
      ],
      "/home/jhosoume/projects/PleaseDontDie/app/helpers/users_helper.rb": [
        1,
        null
      ],
      "/home/jhosoume/projects/PleaseDontDie/app/helpers/users/registrations_helper.rb": [
        1,
        null
      ],
      "/home/jhosoume/projects/PleaseDontDie/app/models/profile_user.rb": [
        1,
        1,
        1,
        1,
        1,
        1,
        1,
        null,
        1,
        null,
        null,
        null,
        1,
        null,
        null,
        null,
        null,
        1,
        0,
        null,
        null
      ],
      "/home/jhosoume/projects/PleaseDontDie/app/controllers/users/sessions_controller.rb": [
        1,
        1,
        1,
        7,
        null,
        null
      ],
      "/home/jhosoume/projects/PleaseDontDie/app/controllers/profile_user_controller.rb": [
        1,
        1,
        1,
        null,
        1,
        0,
        null,
        null,
        1,
        null,
        null,
        1,
        null,
        null,
        1,
        0,
        0,
        null,
        0,
        null,
        null,
        null,
        1,
        0,
        null,
        null,
        1,
        0,
        0,
        0,
        null,
        null,
        1,
        0,
        0,
        0,
        0,
        null,
        null,
        null,
        null,
        null,
        null,
        1,
        0,
        null,
        null,
        1,
        null,
        1,
        7,
        null,
        null,
        1,
        0,
        null,
        null,
        1,
        0,
        null,
        null,
        null
      ],
      "/home/jhosoume/projects/PleaseDontDie/app/models/group.rb": [
        1,
        1,
        1,
        1,
        null,
        1,
        null,
        null,
        null,
        null,
        null
      ],
      "/home/jhosoume/projects/PleaseDontDie/app/controllers/groups_controller.rb": [
        1,
        1,
        1,
        null,
        1,
        3,
        3,
        null,
        0,
        null,
        null,
        null,
        1,
        null,
        null,
        1,
        2,
        null,
        null,
        1,
        null,
        null,
        1,
        2,
        null,
        2,
        2,
        1,
        1,
        null,
        2,
        1,
        null,
        2,
        1,
        null,
        null,
        null,
        null,
        1,
        0,
        0,
        0,
        0,
        null,
        0,
        0,
        null,
        null,
        null,
        null,
        1,
        1,
        1,
        1,
        2,
        1,
        null,
        null,
        null,
        1,
        2,
        2,
        1,
        1,
        1,
        2,
        1,
        null,
        null,
        1,
        2,
        1,
        null,
        null,
        null,
        null,
        1,
        1,
        13,
        null,
        null,
        1,
        8,
        null,
        null,
        1,
        2,
        null,
        null
      ],
      "/home/jhosoume/projects/PleaseDontDie/app/models/pet.rb": [
        1,
        1,
        1,
        1,
        1,
        null,
        1,
        null,
        1,
        null,
        null,
        null,
        1,
        0,
        null,
        null,
        1,
        null,
        1,
        0,
        0,
        null,
        null,
        null
      ],
      "/home/jhosoume/projects/PleaseDontDie/app/models/groups_profile_user.rb": [
        0,
        0,
        0,
        0
      ],
      "/home/jhosoume/projects/PleaseDontDie/app/models/duty.rb": [
        0,
        0,
        0,
        null,
        0,
        null,
        0,
        0,
        0,
        null,
        0,
        0,
        0,
        0,
        0,
        0,
        0,
        0,
        0,
        0,
        0
      ],
      "/home/jhosoume/projects/PleaseDontDie/app/models/specie.rb": [
        0,
        0,
        0
      ],
      "/home/jhosoume/projects/PleaseDontDie/app/models/need.rb": [
        0,
        0,
        0
      ],
      "/home/jhosoume/projects/PleaseDontDie/app/controllers/users/registrations_controller.rb": [
        0,
        0,
        null,
        0,
        0,
        0,
        0,
        0,
        null,
        0,
        0,
        0,
        null,
        0,
        null,
        0,
        0,
        0,
        0,
        0,
        0,
        null,
        null,
        0,
        0,
        0,
        0,
        0,
        0,
        0,
        0,
        null,
        0
      ],
      "/home/jhosoume/projects/PleaseDontDie/app/controllers/pets_controller.rb": [
        0,
        0,
        0,
        null,
        0,
        0,
        0,
        null,
        0,
        0,
        0,
        0,
        0,
        null,
        0,
        0,
        0,
        null,
        0,
        null,
        0,
        0,
        0,
        0,
        null,
        0,
        null,
        0,
        0,
        0,
        null,
        0,
        0,
        0,
        0,
        0,
        null,
        0,
        0,
        0,
        null,
        0,
        0,
        0,
        null,
        0,
        0,
        0,
        0,
        0,
        0,
        null,
        0,
        0,
        0,
        0,
        0,
        0,
        0,
        0,
        null,
        null,
        0,
        0,
        null,
        0,
        0,
        null,
        0,
        0,
        0,
        0,
        null,
        0,
        0,
        0,
        null,
        0,
        0,
        0,
        null,
        null,
        0,
        0,
        0,
        0
      ],
      "/home/jhosoume/projects/PleaseDontDie/app/controllers/species_controller.rb": [
        0,
        0,
        null,
        null,
        null,
        0,
        0,
        0,
        null,
        null,
        null,
        0,
        0,
        null,
        0,
        0,
        0,
        0,
        0,
        null,
        null,
        0,
        0,
        0,
        null,
        null,
        0,
        0,
        null,
        null,
        null,
        0,
        0,
        null,
        0,
        0,
        0,
        0,
        0,
        0,
        0,
        0,
        0,
        0,
        null,
        null,
        null,
        0,
        0,
        0,
        0,
        0,
        0,
        0,
        0,
        0,
        0,
        0,
        null,
        null,
        null,
        0,
        0,
        0,
        0,
        0,
        0,
        0,
        null,
        0,
        null,
        0,
        0,
        0,
        null,
        null,
        0,
        0,
        0,
        0
      ],
      "/home/jhosoume/projects/PleaseDontDie/app/controllers/needs_controller.rb": [
        0,
        0,
        0,
        null,
        null,
        null,
        0,
        0,
        null,
        0,
        null,
        0,
        0,
        0,
        0,
        0,
        null,
        null,
        null,
        0,
        0,
        null,
        0,
        null,
        0,
        0,
        0,
        0,
        0,
        null,
        null,
        0,
        0,
        null,
        0,
        null,
        0,
        0,
        0,
        0,
        0,
        null,
        null,
        0,
        0,
        null,
        null,
        null,
        0,
        0,
        null,
        0,
        0,
        0,
        0,
        0,
        0,
        0,
        0,
        0,
        0,
        null,
        null,
        null,
        0,
        0,
        0,
        0,
        0,
        0,
        0,
        0,
        0,
        0,
        0,
        null,
        null,
        null,
        0,
        0,
        null,
        0,
        0,
        0,
        0,
        0,
        null,
        0,
        null,
        0,
        0,
        0,
        null,
        0,
        0,
        0,
        null,
        0,
        0,
        0,
        0
      ],
      "/home/jhosoume/projects/PleaseDontDie/app/controllers/duties_controller.rb": [
        0,
        0,
        0,
        null,
        null,
        0,
        0,
        0,
        null,
        0,
        0,
        null,
        0,
        0,
        null,
        0,
        0,
        0,
        0,
        0,
        null,
        0,
        0,
        null,
        0,
        0,
        null,
        0,
        0,
        0,
        0,
        0,
        0,
        null,
        0,
        0,
        0,
        0,
        0,
        0,
        0,
        null,
        0,
        0,
        0,
        0,
        0,
        0,
        0,
        null,
        0,
        0,
        0,
        0,
        0,
        0,
        0,
        null,
        null,
        0,
        0,
        0,
        0,
        null,
        null,
        0,
        0,
        0,
        null,
        null,
        0,
        0,
        0,
        0
      ]
    },
    "timestamp": 1530911986
  },
  "RSpec": {
    "coverage": {
      "/home/jhosoume/projects/PleaseDontDie/app/models/user.rb": [
        1,
        null,
        null,
        1,
        null,
        null,
        1,
        1,
        null,
        1,
        null,
        null,
        null,
        1,
        36,
        0,
        null,
        null,
        null,
        1,
        36,
        null,
        null,
        null
      ],
      "/home/jhosoume/projects/PleaseDontDie/app/models/application_record.rb": [
        1,
        1,
        null
      ],
      "/home/jhosoume/projects/PleaseDontDie/app/helpers/application_helper.rb": [
        1,
        null
      ],
      "/home/jhosoume/projects/PleaseDontDie/app/helpers/duties_helper.rb": [
        1,
        null
      ],
      "/home/jhosoume/projects/PleaseDontDie/app/helpers/groups_helper.rb": [
        1,
        null
      ],
      "/home/jhosoume/projects/PleaseDontDie/app/helpers/home_helper.rb": [
        1,
        null
      ],
      "/home/jhosoume/projects/PleaseDontDie/app/helpers/needs_helper.rb": [
        1,
        null
      ],
      "/home/jhosoume/projects/PleaseDontDie/app/helpers/pets_helper.rb": [
        1,
        null
      ],
      "/home/jhosoume/projects/PleaseDontDie/app/helpers/profile_user_helper.rb": [
        1,
        null
      ],
      "/home/jhosoume/projects/PleaseDontDie/app/helpers/species_helper.rb": [
        1,
        null
      ],
      "/home/jhosoume/projects/PleaseDontDie/app/helpers/users_helper.rb": [
        1,
        null
      ],
      "/home/jhosoume/projects/PleaseDontDie/app/helpers/users/registrations_helper.rb": [
        1,
        null
      ],
      "/home/jhosoume/projects/PleaseDontDie/app/controllers/duties_controller.rb": [
        1,
        1,
        1,
        null,
        null,
        1,
        1,
        null,
        null,
        1,
        null,
        null,
        1,
        1,
        null,
        1,
        1,
        1,
        null,
        null,
        null,
        1,
        null,
        null,
        1,
        3,
        null,
        3,
        2,
        null,
        1,
        null,
        null,
        null,
        1,
        3,
        2,
        null,
        1,
        null,
        null,
        null,
        1,
        2,
        2,
        4,
        2,
        null,
        null,
        null,
        1,
        0,
        0,
        null,
        0,
        null,
        null,
        null,
        null,
        1,
        1,
        12,
        null,
        null,
        null,
        1,
        7,
        null,
        null,
        null,
        1,
        6,
        null,
        null
      ],
      "/home/jhosoume/projects/PleaseDontDie/app/controllers/application_controller.rb": [
        1,
        1,
        null,
        1,
        null,
        1,
        13,
        0,
        null,
        13,
        null,
        null,
        null
      ],
      "/home/jhosoume/projects/PleaseDontDie/app/controllers/groups_controller.rb": [
        1,
        1,
        1,
        null,
        1,
        1,
        1,
        null,
        0,
        null,
        null,
        null,
        1,
        null,
        null,
        1,
        1,
        null,
        null,
        1,
        null,
        null,
        1,
        3,
        null,
        3,
        3,
        2,
        2,
        null,
        4,
        2,
        null,
        2,
        1,
        null,
        null,
        null,
        null,
        1,
        3,
        3,
        4,
        2,
        null,
        2,
        1,
        null,
        null,
        null,
        null,
        1,
        2,
        2,
        2,
        4,
        2,
        null,
        null,
        null,
        1,
        6,
        6,
        3,
        3,
        3,
        6,
        3,
        null,
        null,
        3,
        6,
        3,
        null,
        null,
        null,
        null,
        1,
        1,
        13,
        null,
        null,
        1,
        13,
        null,
        null,
        1,
        6,
        null,
        null
      ],
      "/home/jhosoume/projects/PleaseDontDie/app/controllers/needs_controller.rb": [
        1,
        1,
        1,
        null,
        null,
        null,
        1,
        0,
        null,
        0,
        null,
        0,
        0,
        0,
        null,
        null,
        null,
        null,
        null,
        1,
        0,
        null,
        0,
        null,
        0,
        0,
        0,
        null,
        null,
        null,
        null,
        1,
        0,
        null,
        0,
        null,
        0,
        0,
        0,
        null,
        null,
        null,
        null,
        1,
        null,
        null,
        null,
        null,
        1,
        0,
        null,
        0,
        0,
        0,
        0,
        null,
        0,
        0,
        null,
        null,
        null,
        null,
        null,
        null,
        1,
        0,
        0,
        0,
        0,
        null,
        0,
        0,
        null,
        null,
        null,
        null,
        null,
        null,
        1,
        0,
        null,
        0,
        0,
        0,
        null,
        null,
        null,
        1,
        null,
        1,
        0,
        null,
        null,
        1,
        0,
        null,
        null,
        1,
        0,
        null,
        null
      ],
      "/home/jhosoume/projects/PleaseDontDie/app/controllers/profile_user_controller.rb": [
        1,
        1,
        1,
        null,
        1,
        0,
        null,
        null,
        1,
        null,
        null,
        1,
        null,
        null,
        1,
        0,
        0,
        null,
        0,
        null,
        null,
        null,
        1,
        0,
        null,
        null,
        1,
        0,
        0,
        0,
        null,
        null,
        1,
        0,
        0,
        0,
        0,
        null,
        null,
        null,
        null,
        null,
        null,
        1,
        0,
        null,
        null,
        1,
        null,
        1,
        0,
        null,
        null,
        1,
        0,
        null,
        null,
        1,
        0,
        null,
        null,
        null
      ],
      "/home/jhosoume/projects/PleaseDontDie/app/controllers/species_controller.rb": [
        1,
        1,
        null,
        null,
        null,
        1,
        0,
        null,
        null,
        null,
        null,
        1,
        0,
        null,
        0,
        0,
        0,
        null,
        null,
        null,
        null,
        1,
        1,
        null,
        null,
        null,
        1,
        null,
        null,
        null,
        null,
        1,
        0,
        null,
        0,
        0,
        0,
        0,
        null,
        0,
        0,
        null,
        null,
        null,
        null,
        null,
        null,
        1,
        0,
        0,
        0,
        0,
        null,
        0,
        0,
        null,
        null,
        null,
        null,
        null,
        null,
        1,
        0,
        0,
        0,
        0,
        null,
        null,
        null,
        1,
        null,
        1,
        0,
        null,
        null,
        null,
        1,
        0,
        null,
        null
      ],
      "/home/jhosoume/projects/PleaseDontDie/app/controllers/users/registrations_controller.rb": [
        1,
        1,
        null,
        1,
        0,
        0,
        0,
        null,
        null,
        1,
        0,
        null,
        null,
        1,
        null,
        1,
        0,
        null,
        1,
        0,
        null,
        null,
        null,
        1,
        0,
        null,
        null,
        null,
        null,
        null,
        null,
        null,
        null
      ],
      "/home/jhosoume/projects/PleaseDontDie/app/models/duty.rb": [
        1,
        1,
        1,
        null,
        1,
        null,
        1,
        null,
        null,
        null,
        1,
        22,
        7,
        2,
        2,
        2,
        2,
        null,
        null,
        null,
        null
      ],
      "/home/jhosoume/projects/PleaseDontDie/app/models/group.rb": [
        1,
        1,
        1,
        1,
        null,
        1,
        null,
        null,
        null,
        null,
        null
      ],
      "/home/jhosoume/projects/PleaseDontDie/app/models/groups_profile_user.rb": [
        1,
        1,
        1,
        null
      ],
      "/home/jhosoume/projects/PleaseDontDie/app/models/profile_user.rb": [
        1,
        1,
        1,
        1,
        1,
        1,
        1,
        null,
        1,
        null,
        null,
        null,
        1,
        null,
        null,
        null,
        null,
        1,
        0,
        null,
        null
      ],
      "/home/jhosoume/projects/PleaseDontDie/app/models/pet.rb": [
        1,
        1,
        1,
        1,
        1,
        null,
        1,
        null,
        1,
        null,
        null,
        null,
        1,
        0,
        null,
        null,
        1,
        null,
        1,
        0,
        0,
        null,
        null,
        null
      ],
      "/home/jhosoume/projects/PleaseDontDie/app/models/specie.rb": [
        1,
        1,
        null
      ],
      "/home/jhosoume/projects/PleaseDontDie/app/models/need.rb": [
        1,
        1,
        null
      ],
      "/home/jhosoume/projects/PleaseDontDie/app/controllers/users/sessions_controller.rb": [
        0,
        0,
        0,
        0,
        0,
        0
      ],
      "/home/jhosoume/projects/PleaseDontDie/app/controllers/pets_controller.rb": [
        0,
        0,
        0,
        null,
        0,
        0,
        0,
        null,
        0,
        0,
        0,
        0,
        0,
        null,
        0,
        0,
        0,
        null,
        0,
        null,
        0,
        0,
        0,
        0,
        null,
        0,
        null,
        0,
        0,
        0,
        null,
        0,
        0,
        0,
        0,
        0,
        null,
        0,
        0,
        0,
        null,
        0,
        0,
        0,
        null,
        0,
        0,
        0,
        0,
        0,
        0,
        null,
        0,
        0,
        0,
        0,
        0,
        0,
        0,
        0,
        null,
        null,
        0,
        0,
        null,
        0,
        0,
        null,
        0,
        0,
        0,
        0,
        null,
        0,
        0,
        0,
        null,
        0,
        0,
        0,
        null,
        null,
        0,
        0,
        0,
        0
      ],
      "/home/jhosoume/projects/PleaseDontDie/app/controllers/home_controller.rb": [
        0,
        0,
        0,
        0
      ]
    },
    "timestamp": 1530911981
  }
}
