{
  "RSpec": {
    "coverage": {
      "/home/jhosoume/projects/PleaseDontDie/app/models/user.rb": [
        1,
        null,
        null,
        1,
        null,
        null,
        1,
        1,
        null,
        1,
        null,
        null,
        null,
        1,
        0,
        0,
        null,
        null,
        null,
        1,
        0,
        null,
        null,
        null
      ],
      "/home/jhosoume/projects/PleaseDontDie/app/models/application_record.rb": [
        1,
        1,
        null
      ],
      "/home/jhosoume/projects/PleaseDontDie/app/helpers/groups_helper.rb": [
        0,
        0
      ],
      "/home/jhosoume/projects/PleaseDontDie/app/helpers/users_helper.rb": [
        0,
        0
      ],
      "/home/jhosoume/projects/PleaseDontDie/app/helpers/application_helper.rb": [
        0,
        0
      ],
      "/home/jhosoume/projects/PleaseDontDie/app/helpers/home_helper.rb": [
        0,
        0
      ],
      "/home/jhosoume/projects/PleaseDontDie/app/helpers/profile_user_helper.rb": [
        0,
        0
      ],
      "/home/jhosoume/projects/PleaseDontDie/app/helpers/species_helper.rb": [
        0,
        0
      ],
      "/home/jhosoume/projects/PleaseDontDie/app/models/pet.rb": [
        0,
        0,
        0,
        0
      ],
      "/home/jhosoume/projects/PleaseDontDie/app/models/group.rb": [
        0,
        0,
        0,
        null,
        0,
        0,
        0,
        0,
        null,
        0
      ],
      "/home/jhosoume/projects/PleaseDontDie/app/models/specie.rb": [
        0,
        0,
        0
      ],
      "/home/jhosoume/projects/PleaseDontDie/app/models/profile_user.rb": [
        0,
        0
      ],
      "/home/jhosoume/projects/PleaseDontDie/app/models/need.rb": [
        0,
        0,
        0
      ],
      "/home/jhosoume/projects/PleaseDontDie/app/controllers/pets_controller.rb": [
        0,
        0,
        0,
        null,
        null,
        0,
        0,
        null,
        0,
        null,
        0,
        0,
        0,
        0,
        0,
        null,
        null,
        0,
        0,
        null,
        0,
        null,
        0,
        0,
        0,
        0,
        null,
        0,
        null,
        null,
        0,
        0,
        null,
        0,
        null,
        0,
        0,
        0,
        0,
        0,
        null,
        null,
        0,
        0,
        null,
        null,
        0,
        0,
        null,
        0,
        0,
        0,
        0,
        0,
        0,
        null,
        null,
        0,
        0,
        0,
        0,
        0,
        0,
        0,
        null,
        null,
        0,
        0,
        null,
        0,
        0,
        null,
        0,
        null,
        0,
        0,
        0,
        null,
        0,
        0,
        0,
        null,
        null,
        0,
        0,
        0,
        0
      ],
      "/home/jhosoume/projects/PleaseDontDie/app/controllers/profile_user_controller.rb": [
        0,
        0,
        0,
        0,
        0,
        null,
        0,
        null,
        0
      ],
      "/home/jhosoume/projects/PleaseDontDie/app/controllers/application_controller.rb": [
        0,
        0,
        null,
        0,
        null,
        0,
        0,
        0,
        0,
        0,
        0,
        0,
        null,
        0,
        0,
        0,
        null,
        0,
        0,
        0,
        0
      ],
      "/home/jhosoume/projects/PleaseDontDie/app/controllers/species_controller.rb": [
        0,
        0,
        null,
        null,
        null,
        0,
        0,
        0,
        null,
        null,
        null,
        0,
        0,
        null,
        null,
        0,
        0,
        0,
        null,
        null,
        0,
        0,
        null,
        null,
        null,
        0,
        0,
        null,
        0,
        0,
        0,
        0,
        0,
        0,
        0,
        0,
        0,
        0,
        null,
        null,
        null,
        0,
        0,
        0,
        0,
        0,
        0,
        0,
        0,
        0,
        0,
        0,
        null,
        null,
        null,
        0,
        0,
        0,
        0,
        0,
        0,
        0,
        null,
        0,
        null,
        0,
        0,
        0,
        null,
        null,
        0,
        0,
        0,
        0
      ],
      "/home/jhosoume/projects/PleaseDontDie/app/controllers/groups_controller.rb": [
        0,
        0,
        null,
        0,
        0,
        0,
        null,
        0,
        0,
        null,
        0,
        0,
        0,
        null,
        0,
        0,
        null,
        0,
        0,
        null,
        0,
        0,
        0,
        0,
        0,
        0,
        0,
        0,
        0,
        0,
        0,
        0,
        0,
        null,
        0,
        0,
        0,
        0,
        0,
        0,
        0,
        0,
        0,
        0,
        0,
        null,
        0,
        0,
        0,
        0,
        0,
        0,
        0,
        null,
        0,
        0,
        0,
        0,
        null,
        null,
        0,
        0,
        0,
        0
      ],
      "/home/jhosoume/projects/PleaseDontDie/app/controllers/home_controller.rb": [
        0,
        0,
        0,
        0
      ]
    },
    "timestamp": 1530934233
  }
}
